#
# There is insufficient memory for the Java Runtime Environment to continue.
# Native memory allocation (mmap) failed to map 134217728 bytes for G1 virtual space
# Possible reasons:
#   The system is out of physical RAM or swap space
#   The process is running with CompressedOops enabled, and the Java Heap may be blocking the growth of the native heap
# Possible solutions:
#   Reduce memory load on the system
#   Increase physical memory or swap space
#   Check if swap backing store is full
#   Decrease Java heap size (-Xmx/-Xms)
#   Decrease number of Java threads
#   Decrease Java thread stack sizes (-Xss)
#   Set larger code cache with -XX:ReservedCodeCacheSize=
#   JVM is running with Unscaled Compressed Oops mode in which the Java heap is
#     placed in the first 4GB address space. The Java Heap base address is the
#     maximum limit for the native heap growth. Please use -XX:HeapBaseMinAddress
#     to set the Java Heap base and to place the Java Heap above 4GB virtual address.
# This output file may be truncated or incomplete.
#
#  Out of Memory Error (os_windows.cpp:3753), pid=11692, tid=17372
#
# JRE version:  (17.0.4.1+7) (build )
# Java VM: OpenJDK 64-Bit Server VM (17.0.4.1+7-b469.62, mixed mode, sharing, tiered, compressed oops, compressed class ptrs, g1 gc, windows-amd64)
# No core dump will be written. Minidumps are not enabled by default on client versions of Windows
#

---------------  S U M M A R Y ------------

Command Line: -Dawt.toolkit=com.intellij.desktop.DesktopActionsToolkit -Djava.rmi.server.hostname=127.0.0.1 -Duser.timezone=UTC -Xmx750m -Xms128m --add-exports=java.desktop/sun.awt=ALL-UNNAMED --add-exports=java.desktop/java.awt.peer=ALL-UNNAMED --add-opens=java.desktop/java.awt=ALL-UNNAMED --add-opens=jdk.unsupported/sun.misc=ALL-UNNAMED --add-opens=java.base/java.nio=ALL-UNNAMED -Dfile.encoding=UTF-8 com.intellij.database.remote.RemoteJdbcServer com.mysql.cj.jdbc.Driver

Host: Intel(R) Core(TM) i5-10200H CPU @ 2.40GHz, 8 cores, 15G,  Windows 10 , 64 bit Build 19041 (10.0.19041.1889)
Time: Sat Nov  5 19:00:10 2022  Windows 10 , 64 bit Build 19041 (10.0.19041.1889) elapsed time: 0.017880 seconds (0d 0h 0m 0s)

---------------  T H R E A D  ---------------

Current thread (0x0000018de8e2a900):  JavaThread "Unknown thread" [_thread_in_vm, id=17372, stack(0x0000007b4b500000,0x0000007b4b600000)]

Stack: [0x0000007b4b500000,0x0000007b4b600000]
Native frames: (J=compiled Java code, j=interpreted, Vv=VM code, C=native code)
V  [jvm.dll+0x68356a]
V  [jvm.dll+0x83fab4]
V  [jvm.dll+0x84125e]
V  [jvm.dll+0x8418c3]
V  [jvm.dll+0x249735]
V  [jvm.dll+0x680439]
V  [jvm.dll+0x674a7a]
V  [jvm.dll+0x30956b]
V  [jvm.dll+0x310a26]
V  [jvm.dll+0x36089e]
V  [jvm.dll+0x360acf]
V  [jvm.dll+0x2df658]
V  [jvm.dll+0x2e05c4]
V  [jvm.dll+0x8112a1]
V  [jvm.dll+0x36e6f1]
V  [jvm.dll+0x7f076c]
V  [jvm.dll+0x3f180f]
V  [jvm.dll+0x3f3351]
C  [jli.dll+0x526b]
C  [ucrtbase.dll+0x21bb2]
C  [KERNEL32.DLL+0x17034]
C  [ntdll.dll+0x526a1]


---------------  P R O C E S S  ---------------

Threads class SMR info:
_java_thread_list=0x00007ffdcc787f58, length=0, elements={
}

Java Threads: ( => current thread )

Other Threads:
  0x0000018de8e61310 GCTaskThread "GC Thread#0" [stack: 0x0000007b4b600000,0x0000007b4b700000] [id=20052]
  0x0000018de8e68530 ConcurrentGCThread "G1 Main Marker" [stack: 0x0000007b4b700000,0x0000007b4b800000] [id=2808]
  0x0000018de8e695f0 ConcurrentGCThread "G1 Conc#0" [stack: 0x0000007b4b800000,0x0000007b4b900000] [id=17472]

[error occurred during error reporting (printing all threads), id 0xc0000005, EXCEPTION_ACCESS_VIOLATION (0xc0000005) at pc=0x00007ffdcbf40217]

VM state: not at safepoint (not fully initialized)

VM Mutex/Monitor currently owned by a thread:  ([mutex/lock_event])
[0x0000018de8e1d540] Heap_lock - owner thread: 0x0000018de8e2a900

Heap address: 0x00000000d1200000, size: 750 MB, Compressed Oops mode: 32-bit

CDS archive(s) mapped at: [0x0000000000000000-0x0000000000000000-0x0000000000000000), size 0, SharedBaseAddress: 0x0000000800000000, ArchiveRelocationMode: 0.
Narrow klass base: 0x0000000000000000, Narrow klass shift: 0, Narrow klass range: 0x0

GC Precious Log:
<Empty>

Heap:
 garbage-first heap   total 0K, used 0K [0x00000000d1200000, 0x0000000100000000)
  region size 1024K, 0 young (0K), 0 survivors (0K)

[error occurred during error reporting (printing heap information), id 0xc0000005, EXCEPTION_ACCESS_VIOLATION (0xc0000005) at pc=0x00007ffdcc32d1f9]

GC Heap History (0 events):
No events

Deoptimization events (0 events):
No events

Classes unloaded (0 events):
No events

Classes redefined (0 events):
No events

Internal exceptions (0 events):
No events

VM Operations (0 events):
No events

Events (1 events):
Event: 0.006 Loaded shared library D:\Program Files\JetBrains\IntelliJ IDEA 2022.2.3\jbr\bin\java.dll


Dynamic libraries:
0x00007ff794540000 - 0x00007ff79454a000 	D:\Program Files\JetBrains\IntelliJ IDEA 2022.2.3\jbr\bin\java.exe
0x00007ffe18030000 - 0x00007ffe18228000 	C:\Windows\SYSTEM32\ntdll.dll
0x00007ffe17ac0000 - 0x00007ffe17b7d000 	C:\Windows\System32\KERNEL32.DLL
0x00007ffe15af0000 - 0x00007ffe15dc2000 	C:\Windows\System32\KERNELBASE.dll
0x00007ffe15860000 - 0x00007ffe15960000 	C:\Windows\System32\ucrtbase.dll
0x00007ffdf8c30000 - 0x00007ffdf8c47000 	D:\Program Files\JetBrains\IntelliJ IDEA 2022.2.3\jbr\bin\jli.dll
0x00007ffdf5400000 - 0x00007ffdf541b000 	D:\Program Files\JetBrains\IntelliJ IDEA 2022.2.3\jbr\bin\VCRUNTIME140.dll
0x00007ffe16c00000 - 0x00007ffe16d9d000 	C:\Windows\System32\USER32.dll
0x00007ffe15830000 - 0x00007ffe15852000 	C:\Windows\System32\win32u.dll
0x00007ffe16760000 - 0x00007ffe1678b000 	C:\Windows\System32\GDI32.dll
0x00007ffdf8900000 - 0x00007ffdf8b9a000 	C:\Windows\WinSxS\amd64_microsoft.windows.common-controls_6595b64144ccf1df_6.0.19041.1110_none_60b5254171f9507e\COMCTL32.dll
0x00007ffe15ed0000 - 0x00007ffe15fdf000 	C:\Windows\System32\gdi32full.dll
0x00007ffe17910000 - 0x00007ffe179ae000 	C:\Windows\System32\msvcrt.dll
0x00007ffe15790000 - 0x00007ffe1582d000 	C:\Windows\System32\msvcp_win.dll
0x00007ffe16240000 - 0x00007ffe16270000 	C:\Windows\System32\IMM32.DLL
0x00007ffe111f0000 - 0x00007ffe111fc000 	D:\Program Files\JetBrains\IntelliJ IDEA 2022.2.3\jbr\bin\vcruntime140_1.dll
0x00007ffde6df0000 - 0x00007ffde6e7d000 	D:\Program Files\JetBrains\IntelliJ IDEA 2022.2.3\jbr\bin\msvcp140.dll
0x00007ffdcbc50000 - 0x00007ffdcc8b9000 	D:\Program Files\JetBrains\IntelliJ IDEA 2022.2.3\jbr\bin\server\jvm.dll
0x00007ffe16270000 - 0x00007ffe1631e000 	C:\Windows\System32\ADVAPI32.dll
0x00007ffe17b80000 - 0x00007ffe17c1c000 	C:\Windows\System32\sechost.dll
0x00007ffe17c20000 - 0x00007ffe17d45000 	C:\Windows\System32\RPCRT4.dll
0x00007ffe17900000 - 0x00007ffe17908000 	C:\Windows\System32\PSAPI.DLL
0x00007ffe01eb0000 - 0x00007ffe01ed7000 	C:\Windows\SYSTEM32\WINMM.dll
0x00007ffdf2b10000 - 0x00007ffdf2b19000 	C:\Windows\SYSTEM32\WSOCK32.dll
0x00007ffe0eba0000 - 0x00007ffe0ebaa000 	C:\Windows\SYSTEM32\VERSION.dll
0x00007ffe175c0000 - 0x00007ffe1762b000 	C:\Windows\System32\WS2_32.dll
0x00007ffe13f90000 - 0x00007ffe13fa2000 	C:\Windows\SYSTEM32\kernel.appcore.dll
0x00007ffdf9240000 - 0x00007ffdf924a000 	D:\Program Files\JetBrains\IntelliJ IDEA 2022.2.3\jbr\bin\jimage.dll
0x00007ffe13cb0000 - 0x00007ffe13e94000 	C:\Windows\SYSTEM32\DBGHELP.DLL
0x00007ffe01990000 - 0x00007ffe019bc000 	C:\Windows\SYSTEM32\dbgcore.DLL
0x00007ffe15dd0000 - 0x00007ffe15e52000 	C:\Windows\System32\bcryptPrimitives.dll
0x00007ffdef990000 - 0x00007ffdef9b5000 	D:\Program Files\JetBrains\IntelliJ IDEA 2022.2.3\jbr\bin\java.dll

dbghelp: loaded successfully - version: 4.0.5 - missing functions: none
symbol engine: initialized successfully - sym options: 0x614 - pdb path: .;D:\Program Files\JetBrains\IntelliJ IDEA 2022.2.3\jbr\bin;C:\Windows\SYSTEM32;C:\Windows\WinSxS\amd64_microsoft.windows.common-controls_6595b64144ccf1df_6.0.19041.1110_none_60b5254171f9507e;D:\Program Files\JetBrains\IntelliJ IDEA 2022.2.3\jbr\bin\server

VM Arguments:
jvm_args: -Dawt.toolkit=com.intellij.desktop.DesktopActionsToolkit -Djava.rmi.server.hostname=127.0.0.1 -Duser.timezone=UTC -Xmx750m -Xms128m --add-exports=java.desktop/sun.awt=ALL-UNNAMED --add-exports=java.desktop/java.awt.peer=ALL-UNNAMED --add-opens=java.desktop/java.awt=ALL-UNNAMED --add-opens=jdk.unsupported/sun.misc=ALL-UNNAMED --add-opens=java.base/java.nio=ALL-UNNAMED -Dfile.encoding=UTF-8 
java_command: com.intellij.database.remote.RemoteJdbcServer com.mysql.cj.jdbc.Driver
java_class_path (initial): D:\Program Files\JetBrains\IntelliJ IDEA 2022.2.3\lib\util_rt.jar;D:\Program Files\JetBrains\IntelliJ IDEA 2022.2.3\lib\util.jar;D:\Program Files\JetBrains\IntelliJ IDEA 2022.2.3\lib\groovy.jar;D:\Program Files\JetBrains\IntelliJ IDEA 2022.2.3\plugins\DatabaseTools\lib\jdbc-console.jar;C:\Users\84450\AppData\Roaming\JetBrains\IntelliJIdea2022.2\jdbc-drivers\MySQL ConnectorJ\8.0.25\mysql-connector-java-8.0.25.jar
Launcher Type: SUN_STANDARD

[Global flags]
     intx CICompilerCount                          = 4                                         {product} {ergonomic}
     uint ConcGCThreads                            = 2                                         {product} {ergonomic}
     uint G1ConcRefinementThreads                  = 8                                         {product} {ergonomic}
   size_t G1HeapRegionSize                         = 1048576                                   {product} {ergonomic}
    uintx GCDrainStackTargetSize                   = 64                                        {product} {ergonomic}
   size_t InitialHeapSize                          = 134217728                                 {product} {command line}
   size_t MarkStackSize                            = 4194304                                   {product} {ergonomic}
   size_t MaxHeapSize                              = 786432000                                 {product} {command line}
   size_t MinHeapDeltaBytes                        = 1048576                                   {product} {ergonomic}
   size_t MinHeapSize                              = 134217728                                 {product} {command line}
    uintx NonNMethodCodeHeapSize                   = 5839372                                {pd product} {ergonomic}
    uintx NonProfiledCodeHeapSize                  = 122909434                              {pd product} {ergonomic}
    uintx ProfiledCodeHeapSize                     = 122909434                              {pd product} {ergonomic}
    uintx ReservedCodeCacheSize                    = 251658240                              {pd product} {ergonomic}
     bool SegmentedCodeCache                       = true                                      {product} {ergonomic}
   size_t SoftMaxHeapSize                          = 786432000                              {manageable} {ergonomic}
     bool UseCompressedClassPointers               = true                           {product lp64_product} {ergonomic}
     bool UseCompressedOops                        = true                           {product lp64_product} {ergonomic}
     bool UseG1GC                                  = true                                      {product} {ergonomic}
     bool UseLargePagesIndividualAllocation        = false                                  {pd product} {ergonomic}

Logging:
Log output configuration:
 #0: stdout all=warning uptime,level,tags
 #1: stderr all=off uptime,level,tags

Environment Variables:
JAVA_HOME=D:\Javajdk\jdk-17.0.2
PATH=D:\apache-maven-3.6.3\bin;D:\Program Files\MySQL\MySQL Server 8.0\bin;C:\Program Files\Microsoft\jdk-11.0.12.7-hotspot\bin;D:\Program Files (x86)\VMware\VMware Workstation\bin\;D:\MinGW\bin;D:\Javajdk\jdk-17.0.2\bin;C:\Program Files\Common Files\Oracle\Java\javapath;D:\Users\84450\AppData\Local\Programs\Python\Python310\Scripts\;D:\Users\84450\AppData\Local\Programs\Python\Python310\;C:\Windows\system32;C:\Windows;C:\Windows\System32\Wbem;C:\Windows\System32\WindowsPowerShell\v1.0\;C:\Windows\System32\OpenSSH\;C:\Program Files\dotnet\;C:\ProgramData\chocolatey\bin;D:\Program Files\nodejs\;d:\Program Files\Git\cmd;D:\mingv\mingw64\bin;D:\MinGW\bin;C:\Users\84450\AppData\Local\Microsoft\WindowsApps;D:\Program Files\visual stdio\Microsoft VS Code\bin;C:\Users\84450\.dotnet\tools;;d:\Program Files\JetBrains\PyCharm 2021.3.2\bin;;C:\Program Files\JetBrains\PyCharm Community Edition 2021.3.2\bin;;d:\Program Files\JetBrains\IntelliJ IDEA 2022.2.3\bin;;d:\Program Files\JetBrains\DataGrip 2022.1.5\bin;;C:\Users\84450\AppData\Roaming\npm
USERNAME=84450
OS=Windows_NT
PROCESSOR_IDENTIFIER=Intel64 Family 6 Model 165 Stepping 2, GenuineIntel
TMP=C:\Users\84450\AppData\Local\Temp
TEMP=C:\Users\84450\AppData\Local\Temp



---------------  S Y S T E M  ---------------

OS:
 Windows 10 , 64 bit Build 19041 (10.0.19041.1889)
OS uptime: 0 days 6:55 hours

CPU: total 8 (initial active 8) (4 cores per cpu, 2 threads per core) family 6 model 165 stepping 2 microcode 0xc8, cx8, cmov, fxsr, ht, mmx, 3dnowpref, sse, sse2, sse3, ssse3, sse4.1, sse4.2, popcnt, lzcnt, tsc, tscinvbit, avx, avx2, aes, erms, clmul, bmi1, bmi2, adx, fma, vzeroupper, clflush, clflushopt

Memory: 4k page, system-wide physical 16251M (3410M free)
TotalPageFile size 16251M (AvailPageFile size 24M)
current process WorkingSet (physical memory assigned to process): 10M, peak: 10M
current process commit charge ("private bytes"): 59M, peak: 187M

vm_info: OpenJDK 64-Bit Server VM (17.0.4.1+7-b469.62) for windows-amd64 JRE (17.0.4.1+7-b469.62), built on 2022-09-22 by "builduser" with MS VC++ 16.10 / 16.11 (VS2019)

END.
